Traceback (most recent call last):
  File "main.py", line 1, in <module>
    from fastapi import FastAPI
  File "pyimod02_importers.py", line 457, in exec_module
  File "fastapi\__init__.py", line 7, in <module>
  File "pyimod02_importers.py", line 457, in exec_module
  File "fastapi\applications.py", line 16, in <module>
  File "pyimod02_importers.py", line 457, in exec_module
  File "fastapi\routing.py", line 22, in <module>
  File "pyimod02_importers.py", line 457, in exec_module
  File "fastapi\params.py", line 5, in <module>
  File "pyimod02_importers.py", line 457, in exec_module
  File "fastapi\openapi\models.py", line 4, in <module>
  File "pyimod02_importers.py", line 457, in exec_module
  File "fastapi\_compat.py", line 20, in <module>
  File "pyimod02_importers.py", line 457, in exec_module
  File "fastapi\exceptions.py", line 3, in <module>
  File "pydantic\__init__.py", line 395, in __getattr__
  File "importlib\__init__.py", line 88, in import_module
  File "pyimod02_importers.py", line 457, in exec_module
  File "pydantic\main.py", line 12, in <module>
  File "pyimod02_importers.py", line 457, in exec_module
  File "pydantic_core\__init__.py", line 6, in <module>
    from typing_extensions import Sentinel
    ^^^^^^^^^^^^^^^^^^^^^^^^^^^^^^^^^^^^^^
    ...<22 lines>...
        to_jsonable_python,
    
ModuleNotFoundError: No module named 'pydantic_core._pydantic_core'
[PYI-7212:ERROR] Failed to execute script 'main' due to unhandled exception!
